[debug] [2021-10-07T02:12:51.950Z] ----------------------------------------------------------------------
[debug] [2021-10-07T02:12:51.953Z] Command:       C:\Program Files\nodejs\node.exe C:\Users\User\AppData\Roaming\npm\node_modules\firebase-tools\lib\bin\firebase.js init
[debug] [2021-10-07T02:12:51.954Z] CLI Version:   9.19.0
[debug] [2021-10-07T02:12:51.954Z] Platform:      win32
[debug] [2021-10-07T02:12:51.954Z] Node Version:  v14.17.6
[debug] [2021-10-07T02:12:51.955Z] Time:          Thu Oct 07 2021 10:12:51 GMT+0800 (Philippine Standard Time)
[debug] [2021-10-07T02:12:51.955Z] ----------------------------------------------------------------------
[debug] 
[debug] [2021-10-07T02:12:51.962Z] > command requires scopes: ["email","openid","https://www.googleapis.com/auth/cloudplatformprojects.readonly","https://www.googleapis.com/auth/firebase","https://www.googleapis.com/auth/cloud-platform"]
[debug] [2021-10-07T02:12:51.963Z] > authorizing via signed-in user (pangilinanjohnjomel@gmail.com)
[info] 
     ######## #### ########  ######## ########     ###     ######  ########
     ##        ##  ##     ## ##       ##     ##  ##   ##  ##       ##
     ######    ##  ########  ######   ########  #########  ######  ######
     ##        ##  ##    ##  ##       ##     ## ##     ##       ## ##
     ##       #### ##     ## ######## ########  ##     ##  ######  ########

You're about to initialize a Firebase project in this directory:

  D:\React Projects\my-app

[info] 
=== Project Setup
[info] 
[info] First, let's associate this project directory with a Firebase project.
[info] You can create multiple project aliases by running firebase use --add, 
[info] but for now we'll just set up a default project.
[info] 
[debug] [2021-10-07T02:13:17.266Z] >>> [apiv2][query] GET https://firebase.googleapis.com/v1beta1/projects pageSize=100
[debug] [2021-10-07T02:13:18.027Z] <<< [apiv2][status] GET https://firebase.googleapis.com/v1beta1/projects 200
[debug] [2021-10-07T02:13:18.027Z] <<< [apiv2][body] GET https://firebase.googleapis.com/v1beta1/projects [omitted]
[info] i  Using project smartl-11d4c (smartgloves) 
[info] 
=== Database Setup
[info] i  database: ensuring required API firebasedatabase.googleapis.com is enabled... 
[debug] [2021-10-07T02:13:21.079Z] > refreshing access token with scopes: ["email","https://www.googleapis.com/auth/cloud-platform","https://www.googleapis.com/auth/cloudplatformprojects.readonly","https://www.googleapis.com/auth/firebase","openid"]
[debug] [2021-10-07T02:13:21.080Z] >>> HTTP REQUEST POST https://www.googleapis.com/oauth2/v3/token  
 <request body omitted>
[debug] [2021-10-07T02:13:21.256Z] <<< HTTP RESPONSE 200 {"date":"Thu, 07 Oct 2021 02:13:20 GMT","expires":"Mon, 01 Jan 1990 00:00:00 GMT","cache-control":"no-cache, no-store, max-age=0, must-revalidate","pragma":"no-cache","content-type":"application/json; charset=utf-8","vary":"X-Origin, Referer, Origin,Accept-Encoding","server":"scaffolding on HTTPServer2","x-xss-protection":"0","x-frame-options":"SAMEORIGIN","x-content-type-options":"nosniff","alt-svc":"h3=\":443\"; ma=2592000,h3-29=\":443\"; ma=2592000,h3-T051=\":443\"; ma=2592000,h3-Q050=\":443\"; ma=2592000,h3-Q046=\":443\"; ma=2592000,h3-Q043=\":443\"; ma=2592000,quic=\":443\"; ma=2592000; v=\"46,43\"","accept-ranges":"none","transfer-encoding":"chunked"}
[debug] [2021-10-07T02:13:21.266Z] >>> HTTP REQUEST GET https://serviceusage.googleapis.com/v1/projects/smartl-11d4c/services/firebasedatabase.googleapis.com  
 
[debug] [2021-10-07T02:13:22.648Z] <<< HTTP RESPONSE 200 {"content-type":"application/json; charset=UTF-8","vary":"X-Origin, Referer, Origin,Accept-Encoding","date":"Thu, 07 Oct 2021 02:13:21 GMT","server":"ESF","cache-control":"private","x-xss-protection":"0","x-frame-options":"SAMEORIGIN","x-content-type-options":"nosniff","alt-svc":"h3=\":443\"; ma=2592000,h3-29=\":443\"; ma=2592000,h3-T051=\":443\"; ma=2592000,h3-Q050=\":443\"; ma=2592000,h3-Q046=\":443\"; ma=2592000,h3-Q043=\":443\"; ma=2592000,quic=\":443\"; ma=2592000; v=\"46,43\"","accept-ranges":"none","transfer-encoding":"chunked"}
[info] +  database: required API firebasedatabase.googleapis.com is enabled 
[info] 
[debug] [2021-10-07T02:13:22.650Z] >>> HTTP REQUEST GET https://firebasedatabase.googleapis.com/v1beta/projects/smartl-11d4c/locations/-/instances/smartl-11d4c-default-rtdb  
 
[debug] [2021-10-07T02:13:23.484Z] <<< HTTP RESPONSE 200 {"content-type":"application/json; charset=UTF-8","vary":"X-Origin, Referer, Origin,Accept-Encoding","date":"Thu, 07 Oct 2021 02:13:22 GMT","server":"ESF","cache-control":"private","x-xss-protection":"0","x-frame-options":"SAMEORIGIN","x-content-type-options":"nosniff","alt-svc":"h3=\":443\"; ma=2592000,h3-29=\":443\"; ma=2592000,h3-T051=\":443\"; ma=2592000,h3-Q050=\":443\"; ma=2592000,h3-Q046=\":443\"; ma=2592000,h3-Q043=\":443\"; ma=2592000,quic=\":443\"; ma=2592000; v=\"46,43\"","accept-ranges":"none","transfer-encoding":"chunked"}
[info] 
[info] Firebase Realtime Database Security Rules allow you to define how your data should be
[info] structured and when your data can be read from and written to.
[info] 
[debug] [2021-10-07T02:13:26.956Z] >>> HTTP REQUEST GET https://smartl-11d4c-default-rtdb.asia-southeast1.firebasedatabase.app/.settings/rules.json  
 
[debug] [2021-10-07T02:13:27.268Z] <<< HTTP RESPONSE 200 {"server":"nginx","date":"Thu, 07 Oct 2021 02:13:26 GMT","content-type":"application/json; charset=utf-8","content-length":"57","connection":"keep-alive","access-control-allow-origin":"*","cache-control":"no-cache","strict-transport-security":"max-age=31556926; includeSubDomains; preload"}
[info] +  Database Rules for smartl-11d4c-default-rtdb have been written to database.rules.json. 
[info] Future modifications to database.rules.json will update Realtime Database Security Rules when you run
[info] firebase deploy.
[info] 
=== Firestore Setup
[debug] [2021-10-07T02:13:27.273Z] >>> HTTP REQUEST GET https://serviceusage.googleapis.com/v1/projects/smartl-11d4c/services/firestore.googleapis.com  
 
[debug] [2021-10-07T02:13:28.546Z] <<< HTTP RESPONSE 200 {"content-type":"application/json; charset=UTF-8","vary":"X-Origin, Referer, Origin,Accept-Encoding","date":"Thu, 07 Oct 2021 02:13:27 GMT","server":"ESF","cache-control":"private","x-xss-protection":"0","x-frame-options":"SAMEORIGIN","x-content-type-options":"nosniff","alt-svc":"h3=\":443\"; ma=2592000,h3-29=\":443\"; ma=2592000,h3-T051=\":443\"; ma=2592000,h3-Q050=\":443\"; ma=2592000,h3-Q046=\":443\"; ma=2592000,h3-Q043=\":443\"; ma=2592000,quic=\":443\"; ma=2592000; v=\"46,43\"","accept-ranges":"none","transfer-encoding":"chunked"}
[debug] [2021-10-07T02:13:28.546Z] >>> HTTP REQUEST GET https://appengine.googleapis.com/v1/apps/smartl-11d4c  
 
[debug] [2021-10-07T02:13:28.940Z] <<< HTTP RESPONSE 200 {"content-type":"application/json; charset=UTF-8","vary":"X-Origin, Referer, Origin,Accept-Encoding","date":"Thu, 07 Oct 2021 02:13:28 GMT","server":"ESF","cache-control":"private","x-xss-protection":"0","x-frame-options":"SAMEORIGIN","x-content-type-options":"nosniff","alt-svc":"h3=\":443\"; ma=2592000,h3-29=\":443\"; ma=2592000,h3-T051=\":443\"; ma=2592000,h3-Q050=\":443\"; ma=2592000,h3-Q046=\":443\"; ma=2592000,h3-Q043=\":443\"; ma=2592000,quic=\":443\"; ma=2592000; v=\"46,43\"","accept-ranges":"none","transfer-encoding":"chunked"}
[debug] [2021-10-07T02:13:28.941Z] database_type: CLOUD_FIRESTORE
[debug] [2021-10-07T02:13:28.941Z] > command requires scopes: ["email","openid","https://www.googleapis.com/auth/cloudplatformprojects.readonly","https://www.googleapis.com/auth/firebase","https://www.googleapis.com/auth/cloud-platform"]
[debug] [2021-10-07T02:13:28.941Z] > authorizing via signed-in user (pangilinanjohnjomel@gmail.com)
[debug] [2021-10-07T02:13:28.942Z] [iam] checking project smartl-11d4c for permissions ["firebase.projects.get"]
[debug] [2021-10-07T02:13:28.942Z] >>> HTTP REQUEST POST https://cloudresourcemanager.googleapis.com/v1/projects/smartl-11d4c:testIamPermissions  
 {"permissions":["firebase.projects.get"]}
[debug] [2021-10-07T02:13:29.919Z] <<< HTTP RESPONSE 200 {"content-type":"application/json; charset=UTF-8","vary":"X-Origin, Referer, Origin,Accept-Encoding","date":"Thu, 07 Oct 2021 02:13:29 GMT","server":"ESF","cache-control":"private","x-xss-protection":"0","x-frame-options":"SAMEORIGIN","x-content-type-options":"nosniff","server-timing":"gfet4t7; dur=823","alt-svc":"h3=\":443\"; ma=2592000,h3-29=\":443\"; ma=2592000,h3-T051=\":443\"; ma=2592000,h3-Q050=\":443\"; ma=2592000,h3-Q046=\":443\"; ma=2592000,h3-Q043=\":443\"; ma=2592000,quic=\":443\"; ma=2592000; v=\"46,43\"","accept-ranges":"none","transfer-encoding":"chunked"}
[info] 
[info] Firestore Security Rules allow you to define how and when to allow
[info] requests. You can keep these rules in your project directory
[info] and publish them with firebase deploy.
[info] 
[debug] [2021-10-07T02:13:32.476Z] >>> HTTP REQUEST GET https://firebaserules.googleapis.com/v1/projects/smartl-11d4c/releases?pageSize=10&pageToken=  
 
[debug] [2021-10-07T02:13:33.674Z] <<< HTTP RESPONSE 200 {"content-type":"application/json; charset=UTF-8","vary":"X-Origin, Referer, Origin,Accept-Encoding","date":"Thu, 07 Oct 2021 02:13:32 GMT","server":"ESF","cache-control":"private","x-xss-protection":"0","x-frame-options":"SAMEORIGIN","x-content-type-options":"nosniff","alt-svc":"h3=\":443\"; ma=2592000,h3-29=\":443\"; ma=2592000,h3-T051=\":443\"; ma=2592000,h3-Q050=\":443\"; ma=2592000,h3-Q046=\":443\"; ma=2592000,h3-Q043=\":443\"; ma=2592000,quic=\":443\"; ma=2592000; v=\"46,43\"","accept-ranges":"none","transfer-encoding":"chunked"}
[debug] [2021-10-07T02:13:33.675Z] Found ruleset: projects/smartl-11d4c/rulesets/bfa39c3b-f076-4f22-aa1a-8ec1d7405dad
[debug] [2021-10-07T02:13:33.675Z] >>> HTTP REQUEST GET https://firebaserules.googleapis.com/v1/projects/smartl-11d4c/rulesets/bfa39c3b-f076-4f22-aa1a-8ec1d7405dad  
 
[debug] [2021-10-07T02:13:34.832Z] <<< HTTP RESPONSE 200 {"content-type":"application/json; charset=UTF-8","vary":"X-Origin, Referer, Origin,Accept-Encoding","date":"Thu, 07 Oct 2021 02:13:34 GMT","server":"ESF","cache-control":"private","x-xss-protection":"0","x-frame-options":"SAMEORIGIN","x-content-type-options":"nosniff","alt-svc":"h3=\":443\"; ma=2592000,h3-29=\":443\"; ma=2592000,h3-T051=\":443\"; ma=2592000,h3-Q050=\":443\"; ma=2592000,h3-Q046=\":443\"; ma=2592000,h3-Q043=\":443\"; ma=2592000,quic=\":443\"; ma=2592000; v=\"46,43\"","accept-ranges":"none","transfer-encoding":"chunked"}
[info] 
[info] Firestore indexes allow you to perform complex queries while
[info] maintaining performance that scales with the size of the result
[info] set. You can keep index definitions in your project directory
[info] and publish them with firebase deploy.
[info] 
[debug] [2021-10-07T02:13:35.924Z] >>> HTTP REQUEST GET https://firestore.googleapis.com/v1/projects/smartl-11d4c/databases/(default)/collectionGroups/-/indexes  
 
[debug] [2021-10-07T02:13:35.925Z] >>> HTTP REQUEST GET https://firestore.googleapis.com/v1/projects/smartl-11d4c/databases/(default)/collectionGroups/-/fields?filter=indexConfig.usesAncestorConfig=false  
 
[debug] [2021-10-07T02:13:36.445Z] <<< HTTP RESPONSE 200 {"content-type":"application/json; charset=UTF-8","vary":"X-Origin, Referer, Origin,Accept-Encoding","date":"Thu, 07 Oct 2021 02:13:35 GMT","server":"ESF","cache-control":"private","x-xss-protection":"0","x-frame-options":"SAMEORIGIN","x-content-type-options":"nosniff","alt-svc":"h3=\":443\"; ma=2592000,h3-29=\":443\"; ma=2592000,h3-T051=\":443\"; ma=2592000,h3-Q050=\":443\"; ma=2592000,h3-Q046=\":443\"; ma=2592000,h3-Q043=\":443\"; ma=2592000,quic=\":443\"; ma=2592000; v=\"46,43\"","accept-ranges":"none","transfer-encoding":"chunked"}
[debug] [2021-10-07T02:13:36.497Z] <<< HTTP RESPONSE 200 {"content-type":"application/json; charset=UTF-8","vary":"X-Origin, Referer, Origin,Accept-Encoding","date":"Thu, 07 Oct 2021 02:13:35 GMT","server":"ESF","cache-control":"private","x-xss-protection":"0","x-frame-options":"SAMEORIGIN","x-content-type-options":"nosniff","alt-svc":"h3=\":443\"; ma=2592000,h3-29=\":443\"; ma=2592000,h3-T051=\":443\"; ma=2592000,h3-Q050=\":443\"; ma=2592000,h3-Q046=\":443\"; ma=2592000,h3-Q043=\":443\"; ma=2592000,quic=\":443\"; ma=2592000; v=\"46,43\"","accept-ranges":"none","transfer-encoding":"chunked"}
[info] 
=== Hosting Setup
[info] 
[info] Your public directory is the folder (relative to your project directory) that
[info] will contain Hosting assets to be uploaded with firebase deploy. If you
[info] have a build process for your assets, use your build's output directory.
[info] 
[debug] [2021-10-07T02:13:48.788Z] >>> [apiv2][query] GET https://www.gstatic.com/firebasejs/releases.json [none]
[debug] [2021-10-07T02:13:48.976Z] <<< [apiv2][status] GET https://www.gstatic.com/firebasejs/releases.json 200
[debug] [2021-10-07T02:13:48.977Z] <<< [apiv2][body] GET https://www.gstatic.com/firebasejs/releases.json {"current":{"version":"9.1.1","browserURL":"https://www.gstatic.com/firebasejs/9.1.1/firebase.js","packageURL":"https://www.gstatic.com/firebasejs/9.1.1/firebase.tgz"},"live":{"version":"9.1","browserURL":"https://www.gstatic.com/firebasejs/live/9.1/firebase.js","packageURL":"https://www.gstatic.com/firebasejs/live/9.1/firebase.tgz"},"components":{"analytics":"https://www.gstatic.com/firebasejs/9.1.1/firebase-analytics.js","app":"https://www.gstatic.com/firebasejs/9.1.1/firebase-app.js","app-check":"https://www.gstatic.com/firebasejs/9.1.1/firebase-app-check.js","auth":"https://www.gstatic.com/firebasejs/9.1.1/firebase-auth.js","auth/cordova":"https://www.gstatic.com/firebasejs/9.1.1/firebase-auth/cordova.js","auth/react-native":"https://www.gstatic.com/firebasejs/9.1.1/firebase-auth/react-native.js","functions":"https://www.gstatic.com/firebasejs/9.1.1/firebase-functions.js","firestore":"https://www.gstatic.com/firebasejs/9.1.1/firebase-firestore.js","firestore/lite":"https://www.gstatic.com/firebasejs/9.1.1/firebase-firestore/lite.js","storage":"https://www.gstatic.com/firebasejs/9.1.1/firebase-storage.js","performance":"https://www.gstatic.com/firebasejs/9.1.1/firebase-performance.js","remote-config":"https://www.gstatic.com/firebasejs/9.1.1/firebase-remote-config.js","messaging":"https://www.gstatic.com/firebasejs/9.1.1/firebase-messaging.js","messaging/sw":"https://www.gstatic.com/firebasejs/9.1.1/firebase-messaging/sw.js","database":"https://www.gstatic.com/firebasejs/9.1.1/firebase-database.js","firestore.memory":"https://www.gstatic.com/firebasejs/9.1.1/firebase-firestore.memory.js"}}
[info] i  Skipping write of public/index.html 
[info] 
[info] i  Detected a .git folder at D:\React Projects\my-app 
[info] i  Authorizing with GitHub to upload your service account to a GitHub repository's secrets store. 
[info] 
[info] Visit this URL on this device to log in:
[info] https://github.com/login/oauth/authorize?client_id=89cf50f02ac6aaed3484&state=333842699&redirect_uri=http%3A%2F%2Flocalhost%3A9005&scope=read%3Auser%20repo%20public_repo
[info] 
[info] Waiting for authentication...
[debug] [2021-10-07T02:14:08.385Z] >>> HTTP REQUEST POST https://github.com/login/oauth/access_token  
 {"client_id":"89cf50f02ac6aaed3484","client_secret":"3330d14abc895d9a74d5f17cd7a00711fa2c5bf0","code":"4b39f32a2592d461f6ed","redirect_uri":"http://localhost:9005","state":"333842699"}
[debug] [2021-10-07T02:14:08.794Z] <<< HTTP RESPONSE 200 {"server":"GitHub.com","date":"Thu, 07 Oct 2021 02:14:08 GMT","content-type":"application/json; charset=utf-8","transfer-encoding":"chunked","vary":"X-PJAX, X-PJAX-Container, Accept-Encoding, Accept, X-Requested-With","permissions-policy":"interest-cohort=()","etag":"W/\"cf103cef3a2684d30e1aab7ddf7641fc\"","cache-control":"max-age=0, private, must-revalidate","strict-transport-security":"max-age=31536000; includeSubdomains; preload","x-frame-options":"deny","x-content-type-options":"nosniff","x-xss-protection":"0","referrer-policy":"origin-when-cross-origin, strict-origin-when-cross-origin","expect-ct":"max-age=2592000, report-uri=\"https://api.github.com/_private/browser/errors\"","content-security-policy":"default-src 'none'; base-uri 'self'; block-all-mixed-content; child-src github.com/assets-cdn/worker/ gist.github.com/assets-cdn/worker/; connect-src 'self' uploads.github.com www.githubstatus.com collector.githubapp.com api.github.com github-cloud.s3.amazonaws.com github-production-repository-file-5c1aeb.s3.amazonaws.com github-production-upload-manifest-file-7fdce7.s3.amazonaws.com github-production-user-asset-6210df.s3.amazonaws.com cdn.optimizely.com logx.optimizely.com/v1/events translator.github.com wss://alive.github.com; font-src github.githubassets.com; form-action 'self' github.com gist.github.com; frame-ancestors 'none'; frame-src render.githubusercontent.com viewscreen.githubusercontent.com viewscreen-lab.githubusercontent.com; img-src 'self' data: github.githubassets.com identicons.github.com collector.githubapp.com github-cloud.s3.amazonaws.com secured-user-images.githubusercontent.com/ *.githubusercontent.com; manifest-src 'self'; media-src github.com user-images.githubusercontent.com/; script-src github.githubassets.com; style-src 'unsafe-inline' github.githubassets.com; worker-src github.com/assets-cdn/worker/ gist.github.com/assets-cdn/worker/ github.com/socket-worker-0af8a29d.js gist.github.com/socket-worker-0af8a29d.js","x-github-request-id":"0BD7:524D:6976B:9DB93:615E57EF"}
[debug] [2021-10-07T02:14:08.799Z] >>> [apiv2][query] GET https://api.github.com/user [none]
[debug] [2021-10-07T02:14:09.263Z] <<< [apiv2][status] GET https://api.github.com/user 200
[debug] [2021-10-07T02:14:09.263Z] <<< [apiv2][body] GET https://api.github.com/user {"login":"jomspangilinan","id":36615736,"node_id":"MDQ6VXNlcjM2NjE1NzM2","avatar_url":"https://avatars.githubusercontent.com/u/36615736?v=4","gravatar_id":"","url":"https://api.github.com/users/jomspangilinan","html_url":"https://github.com/jomspangilinan","followers_url":"https://api.github.com/users/jomspangilinan/followers","following_url":"https://api.github.com/users/jomspangilinan/following{/other_user}","gists_url":"https://api.github.com/users/jomspangilinan/gists{/gist_id}","starred_url":"https://api.github.com/users/jomspangilinan/starred{/owner}{/repo}","subscriptions_url":"https://api.github.com/users/jomspangilinan/subscriptions","organizations_url":"https://api.github.com/users/jomspangilinan/orgs","repos_url":"https://api.github.com/users/jomspangilinan/repos","events_url":"https://api.github.com/users/jomspangilinan/events{/privacy}","received_events_url":"https://api.github.com/users/jomspangilinan/received_events","type":"User","site_admin":false,"name":"John Jomel Pangilinan","company":null,"blog":"","location":null,"email":null,"hireable":null,"bio":null,"twitter_username":null,"public_repos":10,"public_gists":0,"followers":5,"following":4,"created_at":"2018-02-19T04:53:37Z","updated_at":"2021-09-04T01:09:11Z","private_gists":0,"total_private_repos":0,"owned_private_repos":0,"disk_usage":40774,"collaborators":0,"two_factor_authentication":false,"plan":{"name":"free","space":976562499,"collaborators":0,"private_repos":10000}}
[info] 
[info] +  Success! Logged into GitHub as jomspangilinan 
[info] 
[debug] [2021-10-07T02:14:16.177Z] >>> [apiv2][query] GET https://api.github.com/repos//actions/secrets/public-key type=owner
[debug] [2021-10-07T02:14:16.577Z] <<< [apiv2][status] GET https://api.github.com/repos//actions/secrets/public-key 404
[debug] [2021-10-07T02:14:16.577Z] <<< [apiv2][body] GET https://api.github.com/repos//actions/secrets/public-key {"message":"Not Found","documentation_url":"https://docs.github.com/rest"}
[debug] [2021-10-07T02:14:26.472Z] >>> [apiv2][query] GET https://api.github.com/repos/jomspangilinan/my-app/actions/secrets/public-key type=owner
[debug] [2021-10-07T02:14:27.366Z] <<< [apiv2][status] GET https://api.github.com/repos/jomspangilinan/my-app/actions/secrets/public-key 404
[debug] [2021-10-07T02:14:27.366Z] <<< [apiv2][body] GET https://api.github.com/repos/jomspangilinan/my-app/actions/secrets/public-key {"message":"Not Found","documentation_url":"https://docs.github.com/rest/reference/actions#get-a-repository-public-key"}
[debug] [2021-10-07T02:14:33.177Z] >>> [apiv2][query] GET https://api.github.com/repos/no/actions/secrets/public-key type=owner
[debug] [2021-10-07T02:14:33.588Z] <<< [apiv2][status] GET https://api.github.com/repos/no/actions/secrets/public-key 404
[debug] [2021-10-07T02:14:33.588Z] <<< [apiv2][body] GET https://api.github.com/repos/no/actions/secrets/public-key {"message":"Not Found","documentation_url":"https://docs.github.com/rest"}
[debug] [2021-10-07T02:14:34.344Z] >>> [apiv2][query] GET https://api.github.com/repos/n/actions/secrets/public-key type=owner
[debug] [2021-10-07T02:14:34.730Z] <<< [apiv2][status] GET https://api.github.com/repos/n/actions/secrets/public-key 404
[debug] [2021-10-07T02:14:34.730Z] <<< [apiv2][body] GET https://api.github.com/repos/n/actions/secrets/public-key {"message":"Not Found","documentation_url":"https://docs.github.com/rest"}
[debug] [2021-10-07T02:14:35.649Z] >>> [apiv2][query] GET https://api.github.com/repos/?/actions/secrets/public-key type=owner
[debug] [2021-10-07T02:14:36.042Z] <<< [apiv2][status] GET https://api.github.com/repos/?/actions/secrets/public-key 404
[debug] [2021-10-07T02:14:36.042Z] <<< [apiv2][body] GET https://api.github.com/repos/?/actions/secrets/public-key {"message":"Not Found","documentation_url":"https://docs.github.com/rest"}
